[debug] [2022-08-01T02:39:35.302Z] ----------------------------------------------------------------------
[debug] [2022-08-01T02:39:35.303Z] Command:       C:\Program Files\nodejs\node.exe C:\Users\juanr\AppData\Roaming\npm\node_modules\firebase-tools\lib\bin\firebase.js init
[debug] [2022-08-01T02:39:35.304Z] CLI Version:   11.4.0
[debug] [2022-08-01T02:39:35.304Z] Platform:      win32
[debug] [2022-08-01T02:39:35.304Z] Node Version:  v16.15.1
[debug] [2022-08-01T02:39:35.306Z] Time:          Sun Jul 31 2022 23:39:35 GMT-0300 (hora estándar de Argentina)
[debug] [2022-08-01T02:39:35.306Z] ----------------------------------------------------------------------
[debug] 
[debug] [2022-08-01T02:39:35.314Z] > command requires scopes: ["email","openid","https://www.googleapis.com/auth/cloudplatformprojects.readonly","https://www.googleapis.com/auth/firebase","https://www.googleapis.com/auth/cloud-platform"]
[debug] [2022-08-01T02:39:35.314Z] > authorizing via signed-in user (juannrob@gmail.com)
[info] 
     ######## #### ########  ######## ########     ###     ######  ########
     ##        ##  ##     ## ##       ##     ##  ##   ##  ##       ##
     ######    ##  ########  ######   ########  #########  ######  ######
     ##        ##  ##    ##  ##       ##     ## ##     ##       ## ##
     ##       #### ##     ## ######## ########  ##     ##  ######  ########

You're about to initialize a Firebase project in this directory:

  C:\Datos\Clases\Argentina Programa\Trabajo Final\front\my-portfolio

Before we get started, keep in mind:

  * You are currently outside your home directory

